<?xml version="1.0" encoding="utf-8"?><testsuites name="pytest tests"><testsuite name="pytest" errors="0" failures="0" skipped="0" tests="26" time="2.843" timestamp="2026-05-31T07:21:00.503783+07:00" hostname="ddv-server"><testcase classname="tests.e2e.test_m1_e2e" name="test_completion_missing_messages_returns_422" time="0.013" /><testcase classname="tests.e2e.test_m1_e2e" name="test_completion_basic_non_streaming" time="0.009" /><testcase classname="tests.e2e.test_m1_e2e" name="test_completion_streaming" time="0.010" /><testcase classname="tests.e2e.test_m1_e2e" name="test_completion_session_id_provided" time="0.015" /><testcase classname="tests.e2e.test_m1_e2e" name="test_completion_no_healthy_nodes_returns_503" time="0.011" /><testcase classname="tests.e2e.test_m1_e2e" name="test_multi_turn_session_affinity" time="0.012" /><testcase classname="tests.e2e.test_m1_e2e" name="test_migrate_session" time="0.012" /><testcase classname="tests.e2e.test_m1_e2e" name="test_migrate_session_not_found" time="0.013" /><testcase classname="tests.e2e.test_m1_e2e" name="test_migrate_session_invalid_target" time="0.009" /><testcase classname="tests.e2e.test_m1_e2e" name="test_evict_session" time="0.015" /><testcase classname="tests.e2e.test_m1_e2e" name="test_evict_session_not_found" time="0.010" /><testcase classname="tests.e2e.test_m1_e2e" name="test_health_returns_ok" time="0.010" /><testcase classname="tests.e2e.test_m1_e2e" name="test_status_returns_sessions_and_routing_stats" time="0.015" /><testcase classname="tests.e2e.test_m1_e2e" name="test_status_with_registered_session" time="0.012" /><testcase classname="tests.e2e.test_m1_e2e" name="test_list_sessions" time="0.009" /><testcase classname="tests.e2e.test_m1_e2e" name="test_prefix_save" time="0.009" /><testcase classname="tests.e2e.test_m1_e2e" name="test_prefix_restore" time="0.011" /><testcase classname="tests.e2e.test_m1_e2e" name="test_prefix_invalid_node" time="0.009" /><testcase classname="tests.e2e.test_m2_e2e" name="test_prefix_save_and_restore_flow" time="0.013" /><testcase classname="tests.e2e.test_m2_e2e" name="test_prefix_save_custom_name" time="0.012" /><testcase classname="tests.e2e.test_m2_e2e" name="test_store_restore_routing_action" time="0.017" /><testcase classname="tests.e2e.test_m2_e2e" name="test_migration_save_erase_restore_cycle" time="0.010" /><testcase classname="tests.e2e.test_m2_e2e" name="test_migration_recorded_in_stats" time="0.011" /><testcase classname="tests.e2e.test_m2_e2e" name="test_n_past_guard_resets_when_estimated_too_small" time="0.014" /><testcase classname="tests.e2e.test_m2_e2e" name="test_n_past_guard_does_not_reset_when_estimated_larger" time="0.012" /><testcase classname="tests.e2e.test_m2_e2e" name="test_evict_saves_before_removing" time="0.009" /></testsuite></testsuites>